2024-06-27T20:53:08.424+05:30  INFO 48108 --- [restartedMain] c.p.c.CdrreconciliationApplication       : Starting CdrreconciliationApplication using Java 17.0.9 with PID 48108 (C:\Users\mahibalan.j\Documents\workspace-spring-tool-suite-4-4.21.0.RELEASE\cdrreconciliationtesting\target\classes started by mahibalan.j in C:\Users\mahibalan.j\Documents\workspace-spring-tool-suite-4-4.21.0.RELEASE\cdrreconciliationtesting)
2024-06-27T20:53:08.435+05:30  INFO 48108 --- [restartedMain] c.p.c.CdrreconciliationApplication       : No active profile set, falling back to 1 default profile: "default"
2024-06-27T20:53:08.511+05:30  INFO 48108 --- [restartedMain] .e.DevToolsPropertyDefaultsPostProcessor : Devtools property defaults active! Set 'spring.devtools.add-properties' to 'false' to disable
2024-06-27T20:53:08.512+05:30  INFO 48108 --- [restartedMain] .e.DevToolsPropertyDefaultsPostProcessor : For additional web related logging consider setting the 'logging.level.web' property to 'DEBUG'
2024-06-27T20:53:09.555+05:30  INFO 48108 --- [restartedMain] .s.d.r.c.RepositoryConfigurationDelegate : Bootstrapping Spring Data JPA repositories in DEFAULT mode.
2024-06-27T20:53:09.710+05:30  INFO 48108 --- [restartedMain] .s.d.r.c.RepositoryConfigurationDelegate : Finished Spring Data repository scanning in 145 ms. Found 7 JPA repository interfaces.
2024-06-27T20:53:10.242+05:30  INFO 48108 --- [restartedMain] o.s.b.w.embedded.tomcat.TomcatWebServer  : Tomcat initialized with port 8080 (http)
2024-06-27T20:53:10.272+05:30  INFO 48108 --- [restartedMain] o.apache.catalina.core.StandardService   : Starting service [Tomcat]
2024-06-27T20:53:10.273+05:30  INFO 48108 --- [restartedMain] o.apache.catalina.core.StandardEngine    : Starting Servlet engine: [Apache Tomcat/10.1.24]
2024-06-27T20:53:10.339+05:30  INFO 48108 --- [restartedMain] o.a.c.c.C.[Tomcat].[localhost].[/]       : Initializing Spring embedded WebApplicationContext
2024-06-27T20:53:10.340+05:30  INFO 48108 --- [restartedMain] w.s.c.ServletWebServerApplicationContext : Root WebApplicationContext: initialization completed in 1826 ms
2024-06-27T20:53:10.482+05:30  INFO 48108 --- [restartedMain] o.hibernate.jpa.internal.util.LogHelper  : HHH000204: Processing PersistenceUnitInfo [name: default]
2024-06-27T20:53:10.567+05:30  INFO 48108 --- [restartedMain] org.hibernate.Version                    : HHH000412: Hibernate ORM core version 6.5.2.Final
2024-06-27T20:53:10.622+05:30  INFO 48108 --- [restartedMain] o.h.c.internal.RegionFactoryInitiator    : HHH000026: Second-level cache disabled
2024-06-27T20:53:10.949+05:30  INFO 48108 --- [restartedMain] o.s.o.j.p.SpringPersistenceUnitInfo      : No LoadTimeWeaver setup: ignoring JPA class transformer
2024-06-27T20:53:10.982+05:30  INFO 48108 --- [restartedMain] com.zaxxer.hikari.HikariDataSource       : HikariPool-1 - Starting...
2024-06-27T20:53:11.279+05:30  INFO 48108 --- [restartedMain] com.zaxxer.hikari.pool.HikariPool        : HikariPool-1 - Added connection com.mysql.cj.jdbc.ConnectionImpl@3a5229e0
2024-06-27T20:53:11.281+05:30  INFO 48108 --- [restartedMain] com.zaxxer.hikari.HikariDataSource       : HikariPool-1 - Start completed.
2024-06-27T20:53:11.347+05:30  WARN 48108 --- [restartedMain] org.hibernate.orm.deprecation            : HHH90000025: MySQLDialect does not need to be specified explicitly using 'hibernate.dialect' (remove the property setting and it will be selected by default)
2024-06-27T20:53:12.392+05:30  INFO 48108 --- [restartedMain] o.h.e.t.j.p.i.JtaPlatformInitiator       : HHH000489: No JTA platform available (set 'hibernate.transaction.jta.platform' to enable JTA platform integration)
2024-06-27T20:53:13.540+05:30  INFO 48108 --- [restartedMain] j.LocalContainerEntityManagerFactoryBean : Initialized JPA EntityManagerFactory for persistence unit 'default'
2024-06-27T20:53:13.924+05:30  INFO 48108 --- [restartedMain] eAuthenticationProviderManagerConfigurer : Global AuthenticationManager configured with AuthenticationProvider bean with name authenticationProvider
2024-06-27T20:53:13.926+05:30  WARN 48108 --- [restartedMain] r$InitializeUserDetailsManagerConfigurer : Global AuthenticationManager configured with an AuthenticationProvider bean. UserDetailsService beans will not be used for username/password login. Consider removing the AuthenticationProvider bean. Alternatively, consider using the UserDetailsService in a manually instantiated DaoAuthenticationProvider.
2024-06-27T20:53:14.041+05:30  WARN 48108 --- [restartedMain] JpaBaseConfiguration$JpaWebConfiguration : spring.jpa.open-in-view is enabled by default. Therefore, database queries may be performed during view rendering. Explicitly configure spring.jpa.open-in-view to disable this warning
2024-06-27T20:53:14.279+05:30  INFO 48108 --- [restartedMain] o.s.s.web.DefaultSecurityFilterChain     : Will secure any request with [org.springframework.security.web.session.DisableEncodeUrlFilter@c088abb, org.springframework.security.web.context.request.async.WebAsyncManagerIntegrationFilter@c06d2fd, org.springframework.security.web.context.SecurityContextHolderFilter@ad3d28f, org.springframework.security.web.header.HeaderWriterFilter@4f273b15, org.springframework.web.filter.CorsFilter@1701a28b, org.springframework.security.web.authentication.logout.LogoutFilter@78c835eb, com.project.cdrreconciliation.security.jwt.AuthTokenFilter@74b48c59, org.springframework.security.web.savedrequest.RequestCacheAwareFilter@51f5ea03, org.springframework.security.web.servletapi.SecurityContextHolderAwareRequestFilter@7397a5c4, org.springframework.security.web.authentication.AnonymousAuthenticationFilter@2ebff9bf, org.springframework.security.web.session.SessionManagementFilter@3e6362e2, org.springframework.security.web.access.ExceptionTranslationFilter@88e3854, org.springframework.security.web.access.intercept.AuthorizationFilter@16b2d790]
2024-06-27T20:53:14.519+05:30  INFO 48108 --- [restartedMain] o.s.b.d.a.OptionalLiveReloadServer       : LiveReload server is running on port 35729
2024-06-27T20:53:14.571+05:30  INFO 48108 --- [restartedMain] o.s.b.w.embedded.tomcat.TomcatWebServer  : Tomcat started on port 8080 (http) with context path '/'
2024-06-27T20:53:14.581+05:30  INFO 48108 --- [restartedMain] c.p.c.CdrreconciliationApplication       : Started CdrreconciliationApplication in 6.716 seconds (process running for 7.658)
2024-06-27T20:58:09.131+05:30  INFO 48108 --- [http-nio-8080-exec-1] o.a.c.c.C.[Tomcat].[localhost].[/]       : Initializing Spring DispatcherServlet 'dispatcherServlet'
2024-06-27T20:58:09.132+05:30  INFO 48108 --- [http-nio-8080-exec-1] o.s.web.servlet.DispatcherServlet        : Initializing Servlet 'dispatcherServlet'
2024-06-27T20:58:09.134+05:30  INFO 48108 --- [http-nio-8080-exec-1] o.s.web.servlet.DispatcherServlet        : Completed initialization in 2 ms
2024-06-27T20:58:10.051+05:30  INFO 48108 --- [http-nio-8080-exec-8] o.springdoc.api.AbstractOpenApiResource  : Init duration for springdoc-openapi is: 501 ms
2024-06-27T20:58:30.854+05:30  INFO 48108 --- [http-nio-8080-exec-9] c.p.c.controller.AuthController          : User Sign Up
2024-06-27T20:58:31.131+05:30  INFO 48108 --- [http-nio-8080-exec-9] c.p.c.controller.AuthController          : User Sign Up Successfull
2024-06-27T20:58:42.767+05:30  INFO 48108 --- [http-nio-8080-exec-10] c.p.c.controller.AuthController          : User Sign In
2024-06-27T20:59:10.615+05:30  INFO 48108 --- [http-nio-8080-exec-4] c.p.c.controller.AuthController          : User Sign In
2024-06-27T20:59:10.709+05:30  INFO 48108 --- [http-nio-8080-exec-4] c.p.c.controller.AuthController          : User Sign In Successfull
