2024-06-25T09:34:52.550+05:30  INFO 25324 --- [restartedMain] c.p.c.CdrreconciliationApplication       : Starting CdrreconciliationApplication using Java 17.0.9 with PID 25324 (C:\Users\mahibalan.j\Documents\workspace-spring-tool-suite-4-4.21.0.RELEASE\cdrreconciliationtesting\target\classes started by mahibalan.j in C:\Users\mahibalan.j\Documents\workspace-spring-tool-suite-4-4.21.0.RELEASE\cdrreconciliationtesting)
2024-06-25T09:34:52.563+05:30  INFO 25324 --- [restartedMain] c.p.c.CdrreconciliationApplication       : No active profile set, falling back to 1 default profile: "default"
2024-06-25T09:34:52.660+05:30  INFO 25324 --- [restartedMain] .e.DevToolsPropertyDefaultsPostProcessor : Devtools property defaults active! Set 'spring.devtools.add-properties' to 'false' to disable
2024-06-25T09:34:52.661+05:30  INFO 25324 --- [restartedMain] .e.DevToolsPropertyDefaultsPostProcessor : For additional web related logging consider setting the 'logging.level.web' property to 'DEBUG'
2024-06-25T09:34:54.255+05:30  INFO 25324 --- [restartedMain] .s.d.r.c.RepositoryConfigurationDelegate : Bootstrapping Spring Data JPA repositories in DEFAULT mode.
2024-06-25T09:34:54.422+05:30  INFO 25324 --- [restartedMain] .s.d.r.c.RepositoryConfigurationDelegate : Finished Spring Data repository scanning in 145 ms. Found 7 JPA repository interfaces.
2024-06-25T09:34:55.345+05:30  INFO 25324 --- [restartedMain] o.s.b.w.embedded.tomcat.TomcatWebServer  : Tomcat initialized with port 8080 (http)
2024-06-25T09:34:55.366+05:30  INFO 25324 --- [restartedMain] o.apache.catalina.core.StandardService   : Starting service [Tomcat]
2024-06-25T09:34:55.367+05:30  INFO 25324 --- [restartedMain] o.apache.catalina.core.StandardEngine    : Starting Servlet engine: [Apache Tomcat/10.1.24]
2024-06-25T09:34:55.492+05:30  INFO 25324 --- [restartedMain] o.a.c.c.C.[Tomcat].[localhost].[/]       : Initializing Spring embedded WebApplicationContext
2024-06-25T09:34:55.493+05:30  INFO 25324 --- [restartedMain] w.s.c.ServletWebServerApplicationContext : Root WebApplicationContext: initialization completed in 2831 ms
2024-06-25T09:34:55.712+05:30  INFO 25324 --- [restartedMain] o.hibernate.jpa.internal.util.LogHelper  : HHH000204: Processing PersistenceUnitInfo [name: default]
2024-06-25T09:34:55.838+05:30  INFO 25324 --- [restartedMain] org.hibernate.Version                    : HHH000412: Hibernate ORM core version 6.5.2.Final
2024-06-25T09:34:55.912+05:30  INFO 25324 --- [restartedMain] o.h.c.internal.RegionFactoryInitiator    : HHH000026: Second-level cache disabled
2024-06-25T09:34:56.475+05:30  INFO 25324 --- [restartedMain] o.s.o.j.p.SpringPersistenceUnitInfo      : No LoadTimeWeaver setup: ignoring JPA class transformer
2024-06-25T09:34:56.534+05:30  INFO 25324 --- [restartedMain] com.zaxxer.hikari.HikariDataSource       : HikariPool-1 - Starting...
2024-06-25T09:34:57.010+05:30  INFO 25324 --- [restartedMain] com.zaxxer.hikari.pool.HikariPool        : HikariPool-1 - Added connection com.mysql.cj.jdbc.ConnectionImpl@65ad8d10
2024-06-25T09:34:57.014+05:30  INFO 25324 --- [restartedMain] com.zaxxer.hikari.HikariDataSource       : HikariPool-1 - Start completed.
2024-06-25T09:34:57.118+05:30  WARN 25324 --- [restartedMain] org.hibernate.orm.deprecation            : HHH90000025: MySQLDialect does not need to be specified explicitly using 'hibernate.dialect' (remove the property setting and it will be selected by default)
2024-06-25T09:34:58.805+05:30  INFO 25324 --- [restartedMain] o.h.e.t.j.p.i.JtaPlatformInitiator       : HHH000489: No JTA platform available (set 'hibernate.transaction.jta.platform' to enable JTA platform integration)
2024-06-25T09:34:59.002+05:30  INFO 25324 --- [restartedMain] j.LocalContainerEntityManagerFactoryBean : Initialized JPA EntityManagerFactory for persistence unit 'default'
2024-06-25T09:34:59.711+05:30  INFO 25324 --- [restartedMain] eAuthenticationProviderManagerConfigurer : Global AuthenticationManager configured with AuthenticationProvider bean with name authenticationProvider
2024-06-25T09:34:59.712+05:30  WARN 25324 --- [restartedMain] r$InitializeUserDetailsManagerConfigurer : Global AuthenticationManager configured with an AuthenticationProvider bean. UserDetailsService beans will not be used for username/password login. Consider removing the AuthenticationProvider bean. Alternatively, consider using the UserDetailsService in a manually instantiated DaoAuthenticationProvider.
2024-06-25T09:34:59.923+05:30  WARN 25324 --- [restartedMain] JpaBaseConfiguration$JpaWebConfiguration : spring.jpa.open-in-view is enabled by default. Therefore, database queries may be performed during view rendering. Explicitly configure spring.jpa.open-in-view to disable this warning
2024-06-25T09:35:00.380+05:30  INFO 25324 --- [restartedMain] o.s.s.web.DefaultSecurityFilterChain     : Will secure any request with [org.springframework.security.web.session.DisableEncodeUrlFilter@5d10972, org.springframework.security.web.context.request.async.WebAsyncManagerIntegrationFilter@62868c18, org.springframework.security.web.context.SecurityContextHolderFilter@1e55fc58, org.springframework.security.web.header.HeaderWriterFilter@6b2d97c8, org.springframework.web.filter.CorsFilter@128191d6, org.springframework.security.web.authentication.logout.LogoutFilter@7c9bd979, com.project.cdrreconciliation.security.jwt.AuthTokenFilter@56eada, org.springframework.security.web.savedrequest.RequestCacheAwareFilter@4ecfa19, org.springframework.security.web.servletapi.SecurityContextHolderAwareRequestFilter@48b0fd77, org.springframework.security.web.authentication.AnonymousAuthenticationFilter@3698b39, org.springframework.security.web.session.SessionManagementFilter@3082d955, org.springframework.security.web.access.ExceptionTranslationFilter@1e5ba61c, org.springframework.security.web.access.intercept.AuthorizationFilter@1bdf8df5]
2024-06-25T09:35:00.848+05:30  INFO 25324 --- [restartedMain] o.s.b.d.a.OptionalLiveReloadServer       : LiveReload server is running on port 35729
2024-06-25T09:35:00.937+05:30  INFO 25324 --- [restartedMain] o.s.b.w.embedded.tomcat.TomcatWebServer  : Tomcat started on port 8080 (http) with context path '/'
2024-06-25T09:35:00.952+05:30  INFO 25324 --- [restartedMain] c.p.c.CdrreconciliationApplication       : Started CdrreconciliationApplication in 9.256 seconds (process running for 10.272)
2024-06-25T09:35:26.171+05:30  INFO 25324 --- [http-nio-8080-exec-10] o.a.c.c.C.[Tomcat].[localhost].[/]       : Initializing Spring DispatcherServlet 'dispatcherServlet'
2024-06-25T09:35:26.171+05:30  INFO 25324 --- [http-nio-8080-exec-10] o.s.web.servlet.DispatcherServlet        : Initializing Servlet 'dispatcherServlet'
2024-06-25T09:35:26.171+05:30  INFO 25324 --- [http-nio-8080-exec-10] o.s.web.servlet.DispatcherServlet        : Completed initialization in 0 ms
2024-06-25T09:35:28.021+05:30  INFO 25324 --- [http-nio-8080-exec-3] o.springdoc.api.AbstractOpenApiResource  : Init duration for springdoc-openapi is: 1144 ms
2024-06-25T09:35:39.006+05:30  INFO 25324 --- [http-nio-8080-exec-2] c.p.c.controller.AuthController          : User Sign In
2024-06-25T09:35:40.005+05:30  INFO 25324 --- [http-nio-8080-exec-2] c.p.c.controller.AuthController          : User Sign In Successfull
2024-06-25T09:43:29.943+05:30  INFO 25324 --- [RMI TCP Connection(12)-127.0.0.1] inMXBeanRegistrar$SpringApplicationAdmin : Application shutdown requested.
2024-06-25T09:43:29.971+05:30  INFO 25324 --- [RMI TCP Connection(12)-127.0.0.1] j.LocalContainerEntityManagerFactoryBean : Closing JPA EntityManagerFactory for persistence unit 'default'
2024-06-25T09:43:29.976+05:30  INFO 25324 --- [RMI TCP Connection(12)-127.0.0.1] com.zaxxer.hikari.HikariDataSource       : HikariPool-1 - Shutdown initiated...
2024-06-25T09:43:29.988+05:30  INFO 25324 --- [RMI TCP Connection(12)-127.0.0.1] com.zaxxer.hikari.HikariDataSource       : HikariPool-1 - Shutdown completed.
